This file contains any messages produced by compilers while
running configure, to aid debugging if configure makes a mistake.

It was created by BART configure 2.8, which was
generated by GNU Autoconf 2.69.  Invocation command line was

  $ ./configure 

## --------- ##
## Platform. ##
## --------- ##

hostname = cosmos.local
uname -m = x86_64
uname -r = 19.6.0
uname -s = Darwin
uname -v = Darwin Kernel Version 19.6.0: Thu Oct 29 22:56:45 PDT 2020; root:xnu-6153.141.2.2~1/RELEASE_X86_64

/usr/bin/uname -p = i386
/bin/uname -X     = unknown

/bin/arch              = unknown
/usr/bin/arch -k       = unknown
/usr/convex/getsysinfo = unknown
/usr/bin/hostinfo      = Mach kernel version:
	 Darwin Kernel Version 19.6.0: Thu Oct 29 22:56:45 PDT 2020; root:xnu-6153.141.2.2~1/RELEASE_X86_64
Kernel configured for up to 8 processors.
4 processors are physically available.
8 processors are logically available.
Processor type: x86_64h (Intel x86-64h Haswell)
Processors active: 0 1 2 3 4 5 6 7
Primary memory available: 16.00 gigabytes
Default processor set: 521 tasks, 2079 threads, 8 processors
Load average: 1.84, Mach factor: 6.14
/bin/machine           = unknown
/usr/bin/oslevel       = unknown
/bin/universe          = unknown

PATH: .
PATH: /usr/local/gfortran/bin
PATH: /usr/local/bin
PATH: /usr/bin
PATH: /bin
PATH: /usr/sbin
PATH: /sbin
PATH: /Library/TeX/texbin
PATH: /opt/X11/bin
PATH: /Library/Apple/usr/bin


## ----------- ##
## Core tests. ##
## ----------- ##

configure:1923: checking for C++ compiler version
configure:1932: clang++ -mmacosx-version-min=10.13 -std=gnu++11 --version >&5
Apple clang version 12.0.0 (clang-1200.0.32.27)
Target: x86_64-apple-darwin19.6.0
Thread model: posix
InstalledDir: /Library/Developer/CommandLineTools/usr/bin
configure:1943: $? = 0
configure:1932: clang++ -mmacosx-version-min=10.13 -std=gnu++11 -v >&5
Apple clang version 12.0.0 (clang-1200.0.32.27)
Target: x86_64-apple-darwin19.6.0
Thread model: posix
InstalledDir: /Library/Developer/CommandLineTools/usr/bin
clang: warning: argument unused during compilation: '-mmacosx-version-min=10.13' [-Wunused-command-line-argument]
clang: warning: argument unused during compilation: '-std=gnu++11' [-Wunused-command-line-argument]
configure:1943: $? = 0
configure:1932: clang++ -mmacosx-version-min=10.13 -std=gnu++11 -V >&5
clang: error: argument to '-V' is missing (expected 1 value)
clang: error: no input files
configure:1943: $? = 1
configure:1932: clang++ -mmacosx-version-min=10.13 -std=gnu++11 -qversion >&5
clang: error: unknown argument '-qversion'; did you mean '--version'?
clang: error: no input files
configure:1943: $? = 1
configure:1963: checking whether the C++ compiler works
configure:1985: clang++ -mmacosx-version-min=10.13 -std=gnu++11 -Wall -g -O2 -isysroot /Library/Developer/CommandLineTools/SDKs/MacOSX10.14.sdk -I/usr/local/include -L/usr/local/lib -lomp conftest.cpp  >&5
configure:1989: $? = 0
configure:2037: result: yes
configure:2040: checking for C++ compiler default output file name
configure:2042: result: a.out
configure:2048: checking for suffix of executables
configure:2055: clang++ -mmacosx-version-min=10.13 -std=gnu++11 -o conftest -Wall -g -O2 -isysroot /Library/Developer/CommandLineTools/SDKs/MacOSX10.14.sdk -I/usr/local/include -L/usr/local/lib -lomp conftest.cpp  >&5
configure:2059: $? = 0
configure:2081: result: 
configure:2103: checking whether we are cross compiling
configure:2111: clang++ -mmacosx-version-min=10.13 -std=gnu++11 -o conftest -Wall -g -O2 -isysroot /Library/Developer/CommandLineTools/SDKs/MacOSX10.14.sdk -I/usr/local/include -L/usr/local/lib -lomp conftest.cpp  >&5
configure:2115: $? = 0
configure:2122: ./conftest
configure:2126: $? = 0
configure:2141: result: no
configure:2146: checking for suffix of object files
configure:2168: clang++ -mmacosx-version-min=10.13 -std=gnu++11 -c -Wall -g -O2 -isysroot /Library/Developer/CommandLineTools/SDKs/MacOSX10.14.sdk -I/usr/local/include conftest.cpp >&5
configure:2172: $? = 0
configure:2193: result: o
configure:2197: checking whether we are using the GNU C++ compiler
configure:2216: clang++ -mmacosx-version-min=10.13 -std=gnu++11 -c -Wall -g -O2 -isysroot /Library/Developer/CommandLineTools/SDKs/MacOSX10.14.sdk -I/usr/local/include conftest.cpp >&5
configure:2216: $? = 0
configure:2225: result: yes
configure:2234: checking whether clang++ -mmacosx-version-min=10.13 -std=gnu++11 accepts -g
configure:2254: clang++ -mmacosx-version-min=10.13 -std=gnu++11 -c -g -isysroot /Library/Developer/CommandLineTools/SDKs/MacOSX10.14.sdk -I/usr/local/include conftest.cpp >&5
configure:2254: $? = 0
configure:2295: result: yes
configure:2319: checking for clang++ -mmacosx-version-min=10.13 -std=gnu++11 option to support OpenMP
configure:2334: clang++ -mmacosx-version-min=10.13 -std=gnu++11 -o conftest -Wall -g -O2 -isysroot /Library/Developer/CommandLineTools/SDKs/MacOSX10.14.sdk -I/usr/local/include -L/usr/local/lib -lomp conftest.cpp  >&5
conftest.cpp:11:2: error: unknown type name 'choke'
 choke me
 ^
conftest.cpp:11:10: error: expected ';' after top level declarator
 choke me
         ^
         ;
2 errors generated.
configure:2334: $? = 1
configure: failed program was:
| /* confdefs.h */
| #define PACKAGE_NAME "BART"
| #define PACKAGE_TARNAME "bart"
| #define PACKAGE_VERSION "2.8"
| #define PACKAGE_STRING "BART 2.8"
| #define PACKAGE_BUGREPORT ""
| #define PACKAGE_URL ""
| /* end confdefs.h.  */
| 
| #ifndef _OPENMP
|  choke me
| #endif
| #include <omp.h>
| int main () { return omp_get_num_threads (); }
| 
configure:2355: clang++ -mmacosx-version-min=10.13 -std=gnu++11 -o conftest -Wall -g -O2 -xopenmp -isysroot /Library/Developer/CommandLineTools/SDKs/MacOSX10.14.sdk -I/usr/local/include -L/usr/local/lib -lomp conftest.cpp  >&5
clang: error: language not recognized: 'openmp'
configure:2355: $? = 1
configure: failed program was:
| /* confdefs.h */
| #define PACKAGE_NAME "BART"
| #define PACKAGE_TARNAME "bart"
| #define PACKAGE_VERSION "2.8"
| #define PACKAGE_STRING "BART 2.8"
| #define PACKAGE_BUGREPORT ""
| #define PACKAGE_URL ""
| /* end confdefs.h.  */
| 
| #ifndef _OPENMP
|  choke me
| #endif
| #include <omp.h>
| int main () { return omp_get_num_threads (); }
| 
configure:2355: clang++ -mmacosx-version-min=10.13 -std=gnu++11 -o conftest -Wall -g -O2 -fopenmp -isysroot /Library/Developer/CommandLineTools/SDKs/MacOSX10.14.sdk -I/usr/local/include -L/usr/local/lib -lomp conftest.cpp  >&5
clang: error: unsupported option '-fopenmp'
clang: error: unsupported option '-fopenmp'
configure:2355: $? = 1
configure: failed program was:
| /* confdefs.h */
| #define PACKAGE_NAME "BART"
| #define PACKAGE_TARNAME "bart"
| #define PACKAGE_VERSION "2.8"
| #define PACKAGE_STRING "BART 2.8"
| #define PACKAGE_BUGREPORT ""
| #define PACKAGE_URL ""
| /* end confdefs.h.  */
| 
| #ifndef _OPENMP
|  choke me
| #endif
| #include <omp.h>
| int main () { return omp_get_num_threads (); }
| 
configure:2355: clang++ -mmacosx-version-min=10.13 -std=gnu++11 -o conftest -Wall -g -O2 -qopenmp -isysroot /Library/Developer/CommandLineTools/SDKs/MacOSX10.14.sdk -I/usr/local/include -L/usr/local/lib -lomp conftest.cpp  >&5
clang: error: unknown argument '-qopenmp'; did you mean '-fopenmp'?
configure:2355: $? = 1
configure: failed program was:
| /* confdefs.h */
| #define PACKAGE_NAME "BART"
| #define PACKAGE_TARNAME "bart"
| #define PACKAGE_VERSION "2.8"
| #define PACKAGE_STRING "BART 2.8"
| #define PACKAGE_BUGREPORT ""
| #define PACKAGE_URL ""
| /* end confdefs.h.  */
| 
| #ifndef _OPENMP
|  choke me
| #endif
| #include <omp.h>
| int main () { return omp_get_num_threads (); }
| 
configure:2355: clang++ -mmacosx-version-min=10.13 -std=gnu++11 -o conftest -Wall -g -O2 -openmp -isysroot /Library/Developer/CommandLineTools/SDKs/MacOSX10.14.sdk -I/usr/local/include -L/usr/local/lib -lomp conftest.cpp  >&5
conftest.cpp:11:2: error: unknown type name 'choke'
 choke me
 ^
conftest.cpp:11:10: error: expected ';' after top level declarator
 choke me
         ^
         ;
2 errors generated.
configure:2355: $? = 1
configure: failed program was:
| /* confdefs.h */
| #define PACKAGE_NAME "BART"
| #define PACKAGE_TARNAME "bart"
| #define PACKAGE_VERSION "2.8"
| #define PACKAGE_STRING "BART 2.8"
| #define PACKAGE_BUGREPORT ""
| #define PACKAGE_URL ""
| /* end confdefs.h.  */
| 
| #ifndef _OPENMP
|  choke me
| #endif
| #include <omp.h>
| int main () { return omp_get_num_threads (); }
| 
configure:2355: clang++ -mmacosx-version-min=10.13 -std=gnu++11 -o conftest -Wall -g -O2 -mp -isysroot /Library/Developer/CommandLineTools/SDKs/MacOSX10.14.sdk -I/usr/local/include -L/usr/local/lib -lomp conftest.cpp  >&5
clang: error: unknown argument: '-mp'
configure:2355: $? = 1
configure: failed program was:
| /* confdefs.h */
| #define PACKAGE_NAME "BART"
| #define PACKAGE_TARNAME "bart"
| #define PACKAGE_VERSION "2.8"
| #define PACKAGE_STRING "BART 2.8"
| #define PACKAGE_BUGREPORT ""
| #define PACKAGE_URL ""
| /* end confdefs.h.  */
| 
| #ifndef _OPENMP
|  choke me
| #endif
| #include <omp.h>
| int main () { return omp_get_num_threads (); }
| 
configure:2355: clang++ -mmacosx-version-min=10.13 -std=gnu++11 -o conftest -Wall -g -O2 -omp -isysroot /Library/Developer/CommandLineTools/SDKs/MacOSX10.14.sdk -I/usr/local/include -L/usr/local/lib -lomp conftest.cpp  >&5
conftest.cpp:11:2: error: unknown type name 'choke'
 choke me
 ^
conftest.cpp:11:10: error: expected ';' after top level declarator
 choke me
         ^
         ;
2 errors generated.
configure:2355: $? = 1
configure: failed program was:
| /* confdefs.h */
| #define PACKAGE_NAME "BART"
| #define PACKAGE_TARNAME "bart"
| #define PACKAGE_VERSION "2.8"
| #define PACKAGE_STRING "BART 2.8"
| #define PACKAGE_BUGREPORT ""
| #define PACKAGE_URL ""
| /* end confdefs.h.  */
| 
| #ifndef _OPENMP
|  choke me
| #endif
| #include <omp.h>
| int main () { return omp_get_num_threads (); }
| 
configure:2355: clang++ -mmacosx-version-min=10.13 -std=gnu++11 -o conftest -Wall -g -O2 -qsmp=omp -isysroot /Library/Developer/CommandLineTools/SDKs/MacOSX10.14.sdk -I/usr/local/include -L/usr/local/lib -lomp conftest.cpp  >&5
clang: error: unknown argument: '-qsmp=omp'
configure:2355: $? = 1
configure: failed program was:
| /* confdefs.h */
| #define PACKAGE_NAME "BART"
| #define PACKAGE_TARNAME "bart"
| #define PACKAGE_VERSION "2.8"
| #define PACKAGE_STRING "BART 2.8"
| #define PACKAGE_BUGREPORT ""
| #define PACKAGE_URL ""
| /* end confdefs.h.  */
| 
| #ifndef _OPENMP
|  choke me
| #endif
| #include <omp.h>
| int main () { return omp_get_num_threads (); }
| 
configure:2355: clang++ -mmacosx-version-min=10.13 -std=gnu++11 -o conftest -Wall -g -O2 -homp -isysroot /Library/Developer/CommandLineTools/SDKs/MacOSX10.14.sdk -I/usr/local/include -L/usr/local/lib -lomp conftest.cpp  >&5
clang: error: unknown argument: '-homp'
configure:2355: $? = 1
configure: failed program was:
| /* confdefs.h */
| #define PACKAGE_NAME "BART"
| #define PACKAGE_TARNAME "bart"
| #define PACKAGE_VERSION "2.8"
| #define PACKAGE_STRING "BART 2.8"
| #define PACKAGE_BUGREPORT ""
| #define PACKAGE_URL ""
| /* end confdefs.h.  */
| 
| #ifndef _OPENMP
|  choke me
| #endif
| #include <omp.h>
| int main () { return omp_get_num_threads (); }
| 
configure:2355: clang++ -mmacosx-version-min=10.13 -std=gnu++11 -o conftest -Wall -g -O2 -fopenmp=libomp -isysroot /Library/Developer/CommandLineTools/SDKs/MacOSX10.14.sdk -I/usr/local/include -L/usr/local/lib -lomp conftest.cpp  >&5
clang: error: unsupported argument 'libomp' to option 'fopenmp='
clang: error: unsupported argument 'libomp' to option 'fopenmp='
configure:2355: $? = 1
configure: failed program was:
| /* confdefs.h */
| #define PACKAGE_NAME "BART"
| #define PACKAGE_TARNAME "bart"
| #define PACKAGE_VERSION "2.8"
| #define PACKAGE_STRING "BART 2.8"
| #define PACKAGE_BUGREPORT ""
| #define PACKAGE_URL ""
| /* end confdefs.h.  */
| 
| #ifndef _OPENMP
|  choke me
| #endif
| #include <omp.h>
| int main () { return omp_get_num_threads (); }
| 
configure:2355: clang++ -mmacosx-version-min=10.13 -std=gnu++11 -o conftest -Wall -g -O2 -Popenmp -isysroot /Library/Developer/CommandLineTools/SDKs/MacOSX10.14.sdk -I/usr/local/include -L/usr/local/lib -lomp conftest.cpp  >&5
clang: error: unknown argument '-Popenmp'; did you mean '-fopenmp'?
configure:2355: $? = 1
configure: failed program was:
| /* confdefs.h */
| #define PACKAGE_NAME "BART"
| #define PACKAGE_TARNAME "bart"
| #define PACKAGE_VERSION "2.8"
| #define PACKAGE_STRING "BART 2.8"
| #define PACKAGE_BUGREPORT ""
| #define PACKAGE_URL ""
| /* end confdefs.h.  */
| 
| #ifndef _OPENMP
|  choke me
| #endif
| #include <omp.h>
| int main () { return omp_get_num_threads (); }
| 
configure:2355: clang++ -mmacosx-version-min=10.13 -std=gnu++11 -o conftest -Wall -g -O2 --openmp -isysroot /Library/Developer/CommandLineTools/SDKs/MacOSX10.14.sdk -I/usr/local/include -L/usr/local/lib -lomp conftest.cpp  >&5
clang: error: unsupported option '--openmp'; did you mean '-fopenmp'?
configure:2355: $? = 1
configure: failed program was:
| /* confdefs.h */
| #define PACKAGE_NAME "BART"
| #define PACKAGE_TARNAME "bart"
| #define PACKAGE_VERSION "2.8"
| #define PACKAGE_STRING "BART 2.8"
| #define PACKAGE_BUGREPORT ""
| #define PACKAGE_URL ""
| /* end confdefs.h.  */
| 
| #ifndef _OPENMP
|  choke me
| #endif
| #include <omp.h>
| int main () { return omp_get_num_threads (); }
| 
configure:2355: clang++ -mmacosx-version-min=10.13 -std=gnu++11 -o conftest -Wall -g -O2 -Xclang -fopenmp -isysroot /Library/Developer/CommandLineTools/SDKs/MacOSX10.14.sdk -I/usr/local/include -L/usr/local/lib -lomp conftest.cpp  >&5
configure:2355: $? = 0
configure:2369: result: -Xclang -fopenmp
configure:2532: creating ./config.status

## ---------------------- ##
## Running config.status. ##
## ---------------------- ##

This file was extended by BART config.status 2.8, which was
generated by GNU Autoconf 2.69.  Invocation command line was

  CONFIG_FILES    = 
  CONFIG_HEADERS  = 
  CONFIG_LINKS    = 
  CONFIG_COMMANDS = 
  $ ./config.status 

on cosmos.local

config.status:720: creating src/Makevars

## ---------------- ##
## Cache variables. ##
## ---------------- ##

ac_cv_cxx_compiler_gnu=yes
ac_cv_env_CCC_set=set
ac_cv_env_CCC_value=clang
ac_cv_env_CPPFLAGS_set=set
ac_cv_env_CPPFLAGS_value='-isysroot /Library/Developer/CommandLineTools/SDKs/MacOSX10.14.sdk -I/usr/local/include'
ac_cv_env_CXXFLAGS_set=set
ac_cv_env_CXXFLAGS_value=-Wno-unused-command-line-argument
ac_cv_env_CXX_set=set
ac_cv_env_CXX_value=clang++
ac_cv_env_LDFLAGS_set=
ac_cv_env_LDFLAGS_value=
ac_cv_env_LIBS_set=
ac_cv_env_LIBS_value=
ac_cv_env_build_alias_set=
ac_cv_env_build_alias_value=
ac_cv_env_host_alias_set=
ac_cv_env_host_alias_value=
ac_cv_env_target_alias_set=
ac_cv_env_target_alias_value=
ac_cv_objext=o
ac_cv_prog_cxx_g=yes
ac_cv_prog_cxx_openmp='-Xclang -fopenmp'

## ----------------- ##
## Output variables. ##
## ----------------- ##

CPPFLAGS='-isysroot /Library/Developer/CommandLineTools/SDKs/MacOSX10.14.sdk -I/usr/local/include'
CXX='clang++ -mmacosx-version-min=10.13 -std=gnu++11'
CXXFLAGS='-Wall -g -O2'
DEFS='-DPACKAGE_NAME=\"BART\" -DPACKAGE_TARNAME=\"bart\" -DPACKAGE_VERSION=\"2.8\" -DPACKAGE_STRING=\"BART\ 2.8\" -DPACKAGE_BUGREPORT=\"\" -DPACKAGE_URL=\"\"'
ECHO_C='\c'
ECHO_N=''
ECHO_T=''
EXEEXT=''
LDFLAGS='-L/usr/local/lib -lomp'
LIBOBJS=''
LIBS=''
LTLIBOBJS=''
OBJEXT='o'
OPENMP_CXXFLAGS='-Xclang -fopenmp'
PACKAGE_BUGREPORT=''
PACKAGE_NAME='BART'
PACKAGE_STRING='BART 2.8'
PACKAGE_TARNAME='bart'
PACKAGE_URL=''
PACKAGE_VERSION='2.8'
PATH_SEPARATOR=':'
SHELL='/bin/sh'
ac_ct_CXX=''
bindir='${exec_prefix}/bin'
build_alias=''
datadir='${datarootdir}'
datarootdir='${prefix}/share'
docdir='${datarootdir}/doc/${PACKAGE_TARNAME}'
dvidir='${docdir}'
exec_prefix='${prefix}'
host_alias=''
htmldir='${docdir}'
includedir='${prefix}/include'
infodir='${datarootdir}/info'
libdir='${exec_prefix}/lib'
libexecdir='${exec_prefix}/libexec'
localedir='${datarootdir}/locale'
localstatedir='${prefix}/var'
mandir='${datarootdir}/man'
oldincludedir='/usr/include'
pdfdir='${docdir}'
prefix='/usr/local'
program_transform_name='s,x,x,'
psdir='${docdir}'
sbindir='${exec_prefix}/sbin'
sharedstatedir='${prefix}/com'
sysconfdir='${prefix}/etc'
target_alias=''

## ----------- ##
## confdefs.h. ##
## ----------- ##

/* confdefs.h */
#define PACKAGE_NAME "BART"
#define PACKAGE_TARNAME "bart"
#define PACKAGE_VERSION "2.8"
#define PACKAGE_STRING "BART 2.8"
#define PACKAGE_BUGREPORT ""
#define PACKAGE_URL ""

configure: exit 0
